<?xml version="1.0" encoding="UTF-8"?>
<!-- Generated by org.testng.reporters.JUnitReportReporter -->
<testsuite hostname="Abhishek" failures="0" tests="1" name="datadriventesting.LoginToActitime" time="53.432" errors="0" timestamp="2023-06-16T10:19:58 IST" skipped="0">
  <testcase classname="datadriventesting.LoginToActitime" name="LoginActitimeTest" time="53.432"/>
  <system-out/>
</testsuite> <!-- datadriventesting.LoginToActitime -->
